<?xml version="1.0" encoding="UTF-8"?>
<!-- Generated by org.testng.reporters.JUnitReportReporter -->
<testsuite skipped="0" hostname="LHQIT191051" name="testNG.bankManagerLogin" tests="1" failures="0" timestamp="2021-10-28T22:09:29 WAT" time="13.857" errors="0">
  <testcase name="managerLogin" time="13.857" classname="testNG.bankManagerLogin"/>
  <system-out/>
</testsuite> <!-- testNG.bankManagerLogin -->
